<?xml version="1.0" encoding="UTF-8"?>
<testsuite xmlns:xsi="http://www.w3.org/2001/XMLSchema-instance" xsi:noNamespaceSchemaLocation="https://maven.apache.org/surefire/maven-surefire-plugin/xsd/surefire-test-report-3.0.xsd" version="3.0" name="ie.atu.MvnApps.AppTest" time="0.074" tests="1" errors="0" skipped="0" failures="0">
  <properties>
    <property name="java.specification.version" value="21"/>
    <property name="sun.cpu.isalist" value="amd64"/>
    <property name="sun.jnu.encoding" value="Cp1252"/>
    <property name="java.class.path" value="D:\Jolly\mvnTest1\mvnApp\target\test-classes;D:\Jolly\mvnTest1\mvnApp\target\classes;C:\Users\sreej\.m2\repository\junit\junit\4.7\junit-4.7.jar;C:\Users\sreej\.m2\repository\org\webjars\bower\jquery\1.0.4\jquery-1.0.4.jar;C:\Users\sreej\.m2\repository\org\cyclonedx\cyclonedx-maven-plugin\2.7.11\cyclonedx-maven-plugin-2.7.11.jar;C:\Users\sreej\.m2\repository\org\cyclonedx\cyclonedx-core-java\7.3.2\cyclonedx-core-java-7.3.2.jar;C:\Users\sreej\.m2\repository\commons-io\commons-io\2.11.0\commons-io-2.11.0.jar;C:\Users\sreej\.m2\repository\com\github\package-url\packageurl-java\1.4.1\packageurl-java-1.4.1.jar;C:\Users\sreej\.m2\repository\com\fasterxml\jackson\dataformat\jackson-dataformat-xml\2.14.2\jackson-dataformat-xml-2.14.2.jar;C:\Users\sreej\.m2\repository\com\fasterxml\jackson\core\jackson-core\2.14.2\jackson-core-2.14.2.jar;C:\Users\sreej\.m2\repository\com\fasterxml\jackson\core\jackson-annotations\2.14.2\jackson-annotations-2.14.2.jar;C:\Users\sreej\.m2\repository\com\fasterxml\jackson\core\jackson-databind\2.14.2\jackson-databind-2.14.2.jar;C:\Users\sreej\.m2\repository\org\codehaus\woodstox\stax2-api\4.2.1\stax2-api-4.2.1.jar;C:\Users\sreej\.m2\repository\com\fasterxml\woodstox\woodstox-core\6.5.0\woodstox-core-6.5.0.jar;C:\Users\sreej\.m2\repository\com\networknt\json-schema-validator\1.0.77\json-schema-validator-1.0.77.jar;C:\Users\sreej\.m2\repository\com\ethlo\time\itu\1.7.0\itu-1.7.0.jar;C:\Users\sreej\.m2\repository\commons-codec\commons-codec\1.16.0\commons-codec-1.16.0.jar;C:\Users\sreej\.m2\repository\org\apache\commons\commons-lang3\3.14.0\commons-lang3-3.14.0.jar;C:\Users\sreej\.m2\repository\org\apache\maven\shared\maven-dependency-tree\3.2.1\maven-dependency-tree-3.2.1.jar;C:\Users\sreej\.m2\repository\org\eclipse\aether\aether-util\1.0.0.v20140518\aether-util-1.0.0.v20140518.jar;C:\Users\sreej\.m2\repository\org\eclipse\aether\aether-api\1.0.0.v20140518\aether-api-1.0.0.v20140518.jar;C:\Users\sreej\.m2\repository\org\slf4j\slf4j-api\1.7.36\slf4j-api-1.7.36.jar;C:\Users\sreej\.m2\repository\org\apache\maven\shared\maven-dependency-analyzer\1.13.2\maven-dependency-analyzer-1.13.2.jar;C:\Users\sreej\.m2\repository\org\apache\maven\maven-core\3.2.5\maven-core-3.2.5.jar;C:\Users\sreej\.m2\repository\org\apache\maven\maven-settings\3.2.5\maven-settings-3.2.5.jar;C:\Users\sreej\.m2\repository\org\apache\maven\maven-settings-builder\3.2.5\maven-settings-builder-3.2.5.jar;C:\Users\sreej\.m2\repository\org\apache\maven\maven-repository-metadata\3.2.5\maven-repository-metadata-3.2.5.jar;C:\Users\sreej\.m2\repository\org\apache\maven\maven-plugin-api\3.2.5\maven-plugin-api-3.2.5.jar;C:\Users\sreej\.m2\repository\org\apache\maven\maven-model-builder\3.2.5\maven-model-builder-3.2.5.jar;C:\Users\sreej\.m2\repository\org\apache\maven\maven-aether-provider\3.2.5\maven-aether-provider-3.2.5.jar;C:\Users\sreej\.m2\repository\org\eclipse\aether\aether-spi\1.0.0.v20140518\aether-spi-1.0.0.v20140518.jar;C:\Users\sreej\.m2\repository\org\eclipse\aether\aether-impl\1.0.0.v20140518\aether-impl-1.0.0.v20140518.jar;C:\Users\sreej\.m2\repository\org\eclipse\sisu\org.eclipse.sisu.plexus\0.3.0.M1\org.eclipse.sisu.plexus-0.3.0.M1.jar;C:\Users\sreej\.m2\repository\javax\enterprise\cdi-api\1.0\cdi-api-1.0.jar;C:\Users\sreej\.m2\repository\javax\annotation\jsr250-api\1.0\jsr250-api-1.0.jar;C:\Users\sreej\.m2\repository\org\eclipse\sisu\org.eclipse.sisu.inject\0.3.0.M1\org.eclipse.sisu.inject-0.3.0.M1.jar;C:\Users\sreej\.m2\repository\org\sonatype\sisu\sisu-guice\3.2.3\sisu-guice-3.2.3-no_aop.jar;C:\Users\sreej\.m2\repository\aopalliance\aopalliance\1.0\aopalliance-1.0.jar;C:\Users\sreej\.m2\repository\com\google\guava\guava\16.0.1\guava-16.0.1.jar;C:\Users\sreej\.m2\repository\org\codehaus\plexus\plexus-interpolation\1.21\plexus-interpolation-1.21.jar;C:\Users\sreej\.m2\repository\org\codehaus\plexus\plexus-utils\3.0.20\plexus-utils-3.0.20.jar;C:\Users\sreej\.m2\repository\org\codehaus\plexus\plexus-classworlds\2.5.2\plexus-classworlds-2.5.2.jar;C:\Users\sreej\.m2\repository\org\codehaus\plexus\plexus-component-annotations\1.5.5\plexus-component-annotations-1.5.5.jar;C:\Users\sreej\.m2\repository\org\sonatype\plexus\plexus-sec-dispatcher\1.3\plexus-sec-dispatcher-1.3.jar;C:\Users\sreej\.m2\repository\org\sonatype\plexus\plexus-cipher\1.4\plexus-cipher-1.4.jar;C:\Users\sreej\.m2\repository\javax\inject\javax.inject\1\javax.inject-1.jar;C:\Users\sreej\.m2\repository\org\ow2\asm\asm\9.5\asm-9.5.jar;"/>
    <property name="java.vm.vendor" value="Oracle Corporation"/>
    <property name="sun.arch.data.model" value="64"/>
    <property name="user.variant" value=""/>
    <property name="java.vendor.url" value="https://java.oracle.com/"/>
    <property name="user.timezone" value="Asia/Calcutta"/>
    <property name="os.name" value="Windows 10"/>
    <property name="java.vm.specification.version" value="21"/>
    <property name="sun.java.launcher" value="SUN_STANDARD"/>
    <property name="user.country" value="IN"/>
    <property name="sun.boot.library.path" value="D:\Program Files\Java\jdk-21\bin"/>
    <property name="sun.java.command" value="C:\Users\sreej\AppData\Local\Temp\surefire7954671951028053886\surefirebooter-20240210224249907_3.jar C:\Users\sreej\AppData\Local\Temp\surefire7954671951028053886 2024-02-10T22-42-49_637-jvmRun1 surefire-20240210224249907_1tmp surefire_0-20240210224249907_2tmp"/>
    <property name="jdk.debug" value="release"/>
    <property name="surefire.test.class.path" value="D:\Jolly\mvnTest1\mvnApp\target\test-classes;D:\Jolly\mvnTest1\mvnApp\target\classes;C:\Users\sreej\.m2\repository\junit\junit\4.7\junit-4.7.jar;C:\Users\sreej\.m2\repository\org\webjars\bower\jquery\1.0.4\jquery-1.0.4.jar;C:\Users\sreej\.m2\repository\org\cyclonedx\cyclonedx-maven-plugin\2.7.11\cyclonedx-maven-plugin-2.7.11.jar;C:\Users\sreej\.m2\repository\org\cyclonedx\cyclonedx-core-java\7.3.2\cyclonedx-core-java-7.3.2.jar;C:\Users\sreej\.m2\repository\commons-io\commons-io\2.11.0\commons-io-2.11.0.jar;C:\Users\sreej\.m2\repository\com\github\package-url\packageurl-java\1.4.1\packageurl-java-1.4.1.jar;C:\Users\sreej\.m2\repository\com\fasterxml\jackson\dataformat\jackson-dataformat-xml\2.14.2\jackson-dataformat-xml-2.14.2.jar;C:\Users\sreej\.m2\repository\com\fasterxml\jackson\core\jackson-core\2.14.2\jackson-core-2.14.2.jar;C:\Users\sreej\.m2\repository\com\fasterxml\jackson\core\jackson-annotations\2.14.2\jackson-annotations-2.14.2.jar;C:\Users\sreej\.m2\repository\com\fasterxml\jackson\core\jackson-databind\2.14.2\jackson-databind-2.14.2.jar;C:\Users\sreej\.m2\repository\org\codehaus\woodstox\stax2-api\4.2.1\stax2-api-4.2.1.jar;C:\Users\sreej\.m2\repository\com\fasterxml\woodstox\woodstox-core\6.5.0\woodstox-core-6.5.0.jar;C:\Users\sreej\.m2\repository\com\networknt\json-schema-validator\1.0.77\json-schema-validator-1.0.77.jar;C:\Users\sreej\.m2\repository\com\ethlo\time\itu\1.7.0\itu-1.7.0.jar;C:\Users\sreej\.m2\repository\commons-codec\commons-codec\1.16.0\commons-codec-1.16.0.jar;C:\Users\sreej\.m2\repository\org\apache\commons\commons-lang3\3.14.0\commons-lang3-3.14.0.jar;C:\Users\sreej\.m2\repository\org\apache\maven\shared\maven-dependency-tree\3.2.1\maven-dependency-tree-3.2.1.jar;C:\Users\sreej\.m2\repository\org\eclipse\aether\aether-util\1.0.0.v20140518\aether-util-1.0.0.v20140518.jar;C:\Users\sreej\.m2\repository\org\eclipse\aether\aether-api\1.0.0.v20140518\aether-api-1.0.0.v20140518.jar;C:\Users\sreej\.m2\repository\org\slf4j\slf4j-api\1.7.36\slf4j-api-1.7.36.jar;C:\Users\sreej\.m2\repository\org\apache\maven\shared\maven-dependency-analyzer\1.13.2\maven-dependency-analyzer-1.13.2.jar;C:\Users\sreej\.m2\repository\org\apache\maven\maven-core\3.2.5\maven-core-3.2.5.jar;C:\Users\sreej\.m2\repository\org\apache\maven\maven-settings\3.2.5\maven-settings-3.2.5.jar;C:\Users\sreej\.m2\repository\org\apache\maven\maven-settings-builder\3.2.5\maven-settings-builder-3.2.5.jar;C:\Users\sreej\.m2\repository\org\apache\maven\maven-repository-metadata\3.2.5\maven-repository-metadata-3.2.5.jar;C:\Users\sreej\.m2\repository\org\apache\maven\maven-plugin-api\3.2.5\maven-plugin-api-3.2.5.jar;C:\Users\sreej\.m2\repository\org\apache\maven\maven-model-builder\3.2.5\maven-model-builder-3.2.5.jar;C:\Users\sreej\.m2\repository\org\apache\maven\maven-aether-provider\3.2.5\maven-aether-provider-3.2.5.jar;C:\Users\sreej\.m2\repository\org\eclipse\aether\aether-spi\1.0.0.v20140518\aether-spi-1.0.0.v20140518.jar;C:\Users\sreej\.m2\repository\org\eclipse\aether\aether-impl\1.0.0.v20140518\aether-impl-1.0.0.v20140518.jar;C:\Users\sreej\.m2\repository\org\eclipse\sisu\org.eclipse.sisu.plexus\0.3.0.M1\org.eclipse.sisu.plexus-0.3.0.M1.jar;C:\Users\sreej\.m2\repository\javax\enterprise\cdi-api\1.0\cdi-api-1.0.jar;C:\Users\sreej\.m2\repository\javax\annotation\jsr250-api\1.0\jsr250-api-1.0.jar;C:\Users\sreej\.m2\repository\org\eclipse\sisu\org.eclipse.sisu.inject\0.3.0.M1\org.eclipse.sisu.inject-0.3.0.M1.jar;C:\Users\sreej\.m2\repository\org\sonatype\sisu\sisu-guice\3.2.3\sisu-guice-3.2.3-no_aop.jar;C:\Users\sreej\.m2\repository\aopalliance\aopalliance\1.0\aopalliance-1.0.jar;C:\Users\sreej\.m2\repository\com\google\guava\guava\16.0.1\guava-16.0.1.jar;C:\Users\sreej\.m2\repository\org\codehaus\plexus\plexus-interpolation\1.21\plexus-interpolation-1.21.jar;C:\Users\sreej\.m2\repository\org\codehaus\plexus\plexus-utils\3.0.20\plexus-utils-3.0.20.jar;C:\Users\sreej\.m2\repository\org\codehaus\plexus\plexus-classworlds\2.5.2\plexus-classworlds-2.5.2.jar;C:\Users\sreej\.m2\repository\org\codehaus\plexus\plexus-component-annotations\1.5.5\plexus-component-annotations-1.5.5.jar;C:\Users\sreej\.m2\repository\org\sonatype\plexus\plexus-sec-dispatcher\1.3\plexus-sec-dispatcher-1.3.jar;C:\Users\sreej\.m2\repository\org\sonatype\plexus\plexus-cipher\1.4\plexus-cipher-1.4.jar;C:\Users\sreej\.m2\repository\javax\inject\javax.inject\1\javax.inject-1.jar;C:\Users\sreej\.m2\repository\org\ow2\asm\asm\9.5\asm-9.5.jar;"/>
    <property name="sun.cpu.endian" value="little"/>
    <property name="user.home" value="C:\Users\sreej"/>
    <property name="user.language" value="en"/>
    <property name="java.specification.vendor" value="Oracle Corporation"/>
    <property name="java.version.date" value="2024-01-16"/>
    <property name="java.home" value="D:\Program Files\Java\jdk-21"/>
    <property name="file.separator" value="\"/>
    <property name="basedir" value="D:\Jolly\mvnTest1\mvnApp"/>
    <property name="java.vm.compressedOopsMode" value="Zero based"/>
    <property name="line.separator" value="&#10;"/>
    <property name="java.vm.specification.vendor" value="Oracle Corporation"/>
    <property name="java.specification.name" value="Java Platform API Specification"/>
    <property name="surefire.real.class.path" value="C:\Users\sreej\AppData\Local\Temp\surefire7954671951028053886\surefirebooter-20240210224249907_3.jar"/>
    <property name="user.script" value=""/>
    <property name="sun.management.compiler" value="HotSpot 64-Bit Tiered Compilers"/>
    <property name="java.runtime.version" value="21.0.2+13-LTS-58"/>
    <property name="user.name" value="sreej"/>
    <property name="stdout.encoding" value="Cp1252"/>
    <property name="path.separator" value=";"/>
    <property name="os.version" value="10.0"/>
    <property name="java.runtime.name" value="Java(TM) SE Runtime Environment"/>
    <property name="file.encoding" value="UTF-8"/>
    <property name="java.vm.name" value="Java HotSpot(TM) 64-Bit Server VM"/>
    <property name="localRepository" value="C:\Users\sreej\.m2\repository"/>
    <property name="java.vendor.url.bug" value="https://bugreport.java.com/bugreport/"/>
    <property name="java.io.tmpdir" value="C:\Users\sreej\AppData\Local\Temp\"/>
    <property name="java.version" value="21.0.2"/>
    <property name="user.dir" value="D:\Jolly\mvnTest1\mvnApp"/>
    <property name="os.arch" value="amd64"/>
    <property name="java.vm.specification.name" value="Java Virtual Machine Specification"/>
    <property name="sun.os.patch.level" value=""/>
    <property name="native.encoding" value="Cp1252"/>
    <property name="java.library.path" value="D:\Program Files\Java\jdk-21\bin;C:\Windows\Sun\Java\bin;C:\Windows\system32;C:\Windows;D:\Program Files\Java\jdk-21\bin;D:\Users\sreej\AppData\Local\Programs\Microsoft VS Code\bin;D:\Jolly\Maven\apache-maven-3.9.6\apache-maven-3.9.6\bin;D:\Git\cmd;D:\Jolly\xmlstarlet-1.6.1-win32\xmlstarlet-1.6.1;D:\Program Files\Java\jdk-21\bin;D:\Users\sreej\AppData\Local\Programs\Microsoft VS Code\bin;D:\Jolly\Maven\apache-maven-3.9.6\apache-maven-3.9.6\bin;D:\Jolly\xmlstarlet-1.6.1-win32\xmlstarlet-1.6.1;;."/>
    <property name="java.vm.info" value="mixed mode, sharing"/>
    <property name="stderr.encoding" value="Cp1252"/>
    <property name="java.vendor" value="Oracle Corporation"/>
    <property name="java.vm.version" value="21.0.2+13-LTS-58"/>
    <property name="sun.io.unicode.encoding" value="UnicodeLittle"/>
    <property name="java.class.version" value="65.0"/>
  </properties>
  <testcase name="testApp" classname="ie.atu.MvnApps.AppTest" time="0.011"/>
</testsuite>